<?xml version="1.0" encoding="UTF-8"?>
<!-- Generated by org.testng.reporters.JUnitReportReporter -->
<testsuite hostname="DESKTOP-NDF1E9V" name="CashAgent.PlayerAccountAdminTestCase" tests="3" failures="0" timestamp="18 Apr 2019 08:32:51 GMT" time="11.999" errors="0">
  <testcase name="additionalUpPoints" time="2.240" classname="CashAgent.PlayerAccountAdminTestCase"/>
  <testcase name="rechargeTotal" time="7.531" classname="CashAgent.PlayerAccountAdminTestCase"/>
  <testcase name="withdrawTotal" time="2.228" classname="CashAgent.PlayerAccountAdminTestCase"/>
</testsuite> <!-- CashAgent.PlayerAccountAdminTestCase -->
