<?xml version="1.0" encoding="UTF-8"?>
<!-- Generated by org.testng.reporters.JUnitReportReporter -->
<testsuite hostname="DESKTOP-NDF1E9V" name="CreditBusiness.CreditBusinessHomeTestCase" tests="3" failures="0" timestamp="30 Apr 2019 07:46:43 GMT" time="10.570" errors="0">
  <testcase name="agentNumber" time="5.267" classname="CreditBusiness.CreditBusinessHomeTestCase"/>
  <testcase name="serviceIncomeToday" time="3.189" classname="CreditBusiness.CreditBusinessHomeTestCase"/>
  <testcase name="accountBalance" time="2.114" classname="CreditBusiness.CreditBusinessHomeTestCase"/>
</testsuite> <!-- CreditBusiness.CreditBusinessHomeTestCase -->
