<?xml version="1.0" encoding="UTF-8"?>
<!-- Generated by org.testng.reporters.JUnitReportReporter -->
<testsuite hostname="DESKTOP-NDF1E9V" name="Admin.AdminHomeTestCase" tests="9" failures="0" timestamp="30 Apr 2019 07:46:43 GMT" time="59.228" errors="0">
  <testcase name="systemWinOrLose" time="6.608" classname="Admin.AdminHomeTestCase"/>
  <testcase name="withdrawMoneyToday" time="6.835" classname="Admin.AdminHomeTestCase"/>
  <testcase name="rechargeMoneyToday" time="6.753" classname="Admin.AdminHomeTestCase"/>
  <testcase name="playerNumberDetail" time="8.941" classname="Admin.AdminHomeTestCase"/>
  <testcase name="todayCommission" time="6.592" classname="Admin.AdminHomeTestCase"/>
  <testcase name="playerNumber" time="6.673" classname="Admin.AdminHomeTestCase"/>
  <testcase name="sinceBusinessOperationsTotalArrears" time="6.841" classname="Admin.AdminHomeTestCase"/>
  <testcase name="serviceIncomeToday" time="3.299" classname="Admin.AdminHomeTestCase"/>
  <testcase name="waitRechargeCommission" time="6.686" classname="Admin.AdminHomeTestCase"/>
</testsuite> <!-- Admin.AdminHomeTestCase -->
