<?xml version="1.0" encoding="UTF-8"?>
<!-- Generated by org.testng.reporters.JUnitReportReporter -->
<testsuite hostname="DESKTOP-NDF1E9V" name="CreditAgent.AgentHomeCreditTestCase" tests="3" failures="0" timestamp="30 Apr 2019 07:46:43 GMT" time="11.138" errors="0">
  <testcase name="activePlayerTodayHome" time="4.485" classname="CreditAgent.AgentHomeCreditTestCase"/>
  <testcase name="addPlayerToday" time="2.243" classname="CreditAgent.AgentHomeCreditTestCase"/>
  <testcase name="systemLoseOrWinToday" time="4.410" classname="CreditAgent.AgentHomeCreditTestCase"/>
</testsuite> <!-- CreditAgent.AgentHomeCreditTestCase -->
