<?xml version="1.0" encoding="UTF-8"?>
<!-- Generated by org.testng.reporters.JUnitReportReporter -->
<testsuite hostname="DESKTOP-NDF1E9V" name="creditAgentTestCase.creditAgentPlayerTestCase" tests="1" failures="0" timestamp="28 Mar 2019 12:25:46 GMT" time="15.731" errors="0">
  <testcase name="newPlayer" time="15.731" classname="creditAgentTestCase.creditAgentPlayerTestCase"/>
</testsuite> <!-- creditAgentTestCase.creditAgentPlayerTestCase -->
