<?xml version="1.0" encoding="UTF-8"?>
<!-- Generated by org.testng.reporters.JUnitReportReporter -->
<testsuite hostname="DESKTOP-NDF1E9V" name="adminTestCase.adminHomeTestCase" tests="9" failures="0" timestamp="25 Mar 2019 13:50:37 GMT" time="138.228" errors="0">
  <testcase name="businessMoneyTotal" time="16.453" classname="adminTestCase.adminHomeTestCase"/>
  <testcase name="sinceBusinessOperationsTotalArrears" time="14.165" classname="adminTestCase.adminHomeTestCase"/>
  <testcase name="playerNumber" time="15.190" classname="adminTestCase.adminHomeTestCase"/>
  <testcase name="systemWinOrLose" time="14.211" classname="adminTestCase.adminHomeTestCase"/>
  <testcase name="withdrawMoneyToday" time="15.496" classname="adminTestCase.adminHomeTestCase"/>
  <testcase name="todayCommission" time="17.142" classname="adminTestCase.adminHomeTestCase"/>
  <testcase name="totalCommission" time="13.143" classname="adminTestCase.adminHomeTestCase"/>
  <testcase name="rechargeMoneyToday" time="15.546" classname="adminTestCase.adminHomeTestCase"/>
  <testcase name="serviceIncomeToday" time="16.882" classname="adminTestCase.adminHomeTestCase"/>
</testsuite> <!-- adminTestCase.adminHomeTestCase -->
