<?xml version="1.0" encoding="UTF-8"?>
<!-- Generated by org.testng.reporters.JUnitReportReporter -->
<testsuite hostname="DESKTOP-NDF1E9V" name="CreditAgent.AgentHomeCreditTestCase" tests="4" failures="0" timestamp="18 Apr 2019 08:32:51 GMT" time="15.661" errors="0">
  <testcase name="addPlayerToday" time="2.260" classname="CreditAgent.AgentHomeCreditTestCase"/>
  <testcase name="serviceToday" time="4.423" classname="CreditAgent.AgentHomeCreditTestCase"/>
  <testcase name="systemLoseOrWinToday" time="4.500" classname="CreditAgent.AgentHomeCreditTestCase"/>
  <testcase name="activePlayerTodayHome" time="4.478" classname="CreditAgent.AgentHomeCreditTestCase"/>
</testsuite> <!-- CreditAgent.AgentHomeCreditTestCase -->
