<?xml version="1.0" encoding="UTF-8"?>
<!-- Generated by org.testng.reporters.JUnitReportReporter -->
<testsuite hostname="DESKTOP-NDF1E9V" name="CreditAgent.MyServiceAccountChangeTestCase" tests="2" failures="0" timestamp="18 Apr 2019 08:32:51 GMT" time="2.306" errors="0">
  <testcase name="myServiceAccountChangeMoney" time="2.262" classname="CreditAgent.MyServiceAccountChangeTestCase"/>
  <testcase name="changeMoney" time="0.044" classname="CreditAgent.MyServiceAccountChangeTestCase"/>
</testsuite> <!-- CreditAgent.MyServiceAccountChangeTestCase -->
