<?xml version="1.0" encoding="UTF-8"?>
<!-- Generated by org.testng.reporters.JUnitReportReporter -->
<testsuite hostname="DESKTOP-NDF1E9V" name="CashAgent.MyCommissionAccountChangeTestCase" tests="1" failures="0" timestamp="18 Apr 2019 08:32:51 GMT" time="2.347" errors="0">
  <testcase name="myCommissionAccountChange" time="2.347" classname="CashAgent.MyCommissionAccountChangeTestCase"/>
</testsuite> <!-- CashAgent.MyCommissionAccountChangeTestCase -->
