<?xml version="1.0" encoding="UTF-8"?>
<!-- Generated by org.testng.reporters.JUnitReportReporter -->
<testsuite hostname="DESKTOP-NDF1E9V" name="Admin.BusinessDetailCreditTestCase" tests="6" failures="0" timestamp="30 Apr 2019 07:46:43 GMT" time="111.425" errors="0">
  <testcase name="creditExplorerAccountBalance" time="17.080" classname="Admin.BusinessDetailCreditTestCase"/>
  <testcase name="creditBusinessServiceHistoryTotal" time="19.368" classname="Admin.BusinessDetailCreditTestCase"/>
  <testcase name="creditBusinessServiceAccountBalance" time="19.124" classname="Admin.BusinessDetailCreditTestCase"/>
  <testcase name="creditAgentServiceHistoryTotal" time="19.284" classname="Admin.BusinessDetailCreditTestCase"/>
  <testcase name="creditAgentServiceAccountBalance" time="19.238" classname="Admin.BusinessDetailCreditTestCase"/>
  <testcase name="creditExplorerServiceHistoryTotal" time="17.331" classname="Admin.BusinessDetailCreditTestCase"/>
</testsuite> <!-- Admin.BusinessDetailCreditTestCase -->
