<?xml version="1.0" encoding="UTF-8"?>
<!-- Generated by org.testng.reporters.JUnitReportReporter -->
<testsuite hostname="DESKTOP-NDF1E9V" name="CashAgent.AgentHomeCashTestCase" tests="4" failures="0" timestamp="30 Apr 2019 07:46:43 GMT" time="24.118" errors="0">
  <testcase name="incomeTotalMonth" time="8.439" classname="CashAgent.AgentHomeCashTestCase"/>
  <testcase name="playerNumberTotal" time="8.363" classname="CashAgent.AgentHomeCashTestCase"/>
  <testcase name="incomeToday" time="2.070" classname="CashAgent.AgentHomeCashTestCase"/>
  <testcase name="waitSettlementCommission" time="5.246" classname="CashAgent.AgentHomeCashTestCase"/>
</testsuite> <!-- CashAgent.AgentHomeCashTestCase -->
