<?xml version="1.0" encoding="UTF-8"?>
<!-- Generated by org.testng.reporters.JUnitReportReporter -->
<testsuite hostname="DESKTOP-NDF1E9V" name="InbetAdminTestCase.AdminHomeTest" tests="7" failures="0" timestamp="7 Mar 2019 09:23:35 GMT" time="125.827" errors="0">
  <testcase name="sinceBusinessOperationsTotalArrears" time="17.993" classname="InbetAdminTestCase.AdminHomeTest"/>
  <testcase name="playerNumber" time="18.827" classname="InbetAdminTestCase.AdminHomeTest"/>
  <testcase name="totalCommission" time="15.735" classname="InbetAdminTestCase.AdminHomeTest"/>
  <testcase name="businessMoneyTotal" time="17.924" classname="InbetAdminTestCase.AdminHomeTest"/>
  <testcase name="todayCommission" time="15.743" classname="InbetAdminTestCase.AdminHomeTest"/>
  <testcase name="serviceFeeIncome" time="21.698" classname="InbetAdminTestCase.AdminHomeTest"/>
  <testcase name="systemWinOrLose" time="17.907" classname="InbetAdminTestCase.AdminHomeTest"/>
</testsuite> <!-- InbetAdminTestCase.AdminHomeTest -->
