<?xml version="1.0" encoding="UTF-8"?>
<!-- Generated by org.testng.reporters.JUnitReportReporter -->
<testsuite hostname="DESKTOP-NDF1E9V" name="Admin.BusinessDetailCreditTestCase" tests="6" failures="0" timestamp="18 Apr 2019 08:32:51 GMT" time="111.721" errors="0">
  <testcase name="creditBusinessServiceHistoryTotal" time="19.440" classname="Admin.BusinessDetailCreditTestCase"/>
  <testcase name="creditBusinessServiceAccountBalance" time="19.275" classname="Admin.BusinessDetailCreditTestCase"/>
  <testcase name="creditExplorerAccountBalance" time="17.228" classname="Admin.BusinessDetailCreditTestCase"/>
  <testcase name="creditAgentServiceAccountBalance" time="19.186" classname="Admin.BusinessDetailCreditTestCase"/>
  <testcase name="creditExplorerServiceHistoryTotal" time="17.298" classname="Admin.BusinessDetailCreditTestCase"/>
  <testcase name="creditAgentServiceHistoryTotal" time="19.294" classname="Admin.BusinessDetailCreditTestCase"/>
</testsuite> <!-- Admin.BusinessDetailCreditTestCase -->
