<?xml version="1.0" encoding="UTF-8"?>
<!-- Generated by org.testng.reporters.JUnitReportReporter -->
<testsuite hostname="DESKTOP-NDF1E9V" name="InbetAdminTestCase.AdminHomeTest" tests="7" failures="0" timestamp="7 Mar 2019 03:36:22 GMT" time="112.705" errors="0">
  <testcase name="serviceFeeIncome" time="21.627" classname="InbetAdminTestCase.AdminHomeTest"/>
  <testcase name="todayCommission" time="14.120" classname="InbetAdminTestCase.AdminHomeTest"/>
  <testcase name="sinceBusinessOperationsTotalArrears" time="16.507" classname="InbetAdminTestCase.AdminHomeTest"/>
  <testcase name="totalCommission" time="14.592" classname="InbetAdminTestCase.AdminHomeTest"/>
  <testcase name="businessMoneyTotal" time="16.385" classname="InbetAdminTestCase.AdminHomeTest"/>
  <testcase name="systemWinOrLose" time="14.232" classname="InbetAdminTestCase.AdminHomeTest"/>
  <testcase name="playerNumber" time="15.242" classname="InbetAdminTestCase.AdminHomeTest"/>
</testsuite> <!-- InbetAdminTestCase.AdminHomeTest -->
