<?xml version="1.0" encoding="UTF-8"?>
<!-- Generated by org.testng.reporters.JUnitReportReporter -->
<testsuite hostname="DESKTOP-NDF1E9V" name="adminTestCase.creditDetailTestCase" tests="8" failures="0" timestamp="28 Mar 2019 12:25:46 GMT" time="184.643" errors="0">
  <testcase name="creditBusinessNumber" time="23.061" classname="adminTestCase.creditDetailTestCase"/>
  <testcase name="creditBusinessServiceHistoryTotal" time="28.044" classname="adminTestCase.creditDetailTestCase"/>
  <testcase name="creditAgentServiceHistoryTotal" time="23.002" classname="adminTestCase.creditDetailTestCase"/>
  <testcase name="creditExplorerNumber" time="16.150" classname="adminTestCase.creditDetailTestCase"/>
  <testcase name="creditExplorerServiceHistoryTotal" time="24.132" classname="adminTestCase.creditDetailTestCase"/>
  <testcase name="creditAgentServiceAccountBalance" time="22.973" classname="adminTestCase.creditDetailTestCase"/>
  <testcase name="creditBusinessServiceAccountBalance" time="24.418" classname="adminTestCase.creditDetailTestCase"/>
  <testcase name="creditExplorerAccountBalance" time="22.863" classname="adminTestCase.creditDetailTestCase"/>
</testsuite> <!-- adminTestCase.creditDetailTestCase -->
