<?xml version="1.0" encoding="UTF-8"?>
<!-- Generated by org.testng.reporters.JUnitReportReporter -->
<testsuite hostname="DESKTOP-NDF1E9V" name="CashAgent.ChangeRecordCreditTestCase" tests="3" failures="0" timestamp="30 Apr 2019 07:46:43 GMT" time="6.635" errors="0">
  <testcase name="rechargeAgentCredit" time="2.177" classname="CashAgent.ChangeRecordCreditTestCase"/>
  <testcase name="cashAgentCredit" time="2.303" classname="CashAgent.ChangeRecordCreditTestCase"/>
  <testcase name="rechargeAgentAdminCredit" time="2.155" classname="CashAgent.ChangeRecordCreditTestCase"/>
</testsuite> <!-- CashAgent.ChangeRecordCreditTestCase -->
