<?xml version="1.0" encoding="UTF-8"?>
<!-- Generated by org.testng.reporters.JUnitReportReporter -->
<testsuite hostname="DESKTOP-NDF1E9V" name="Admin.ModeComplexStatisticsCashTestCase" tests="5" failures="0" timestamp="30 Apr 2019 07:46:43 GMT" time="31.351" errors="0">
  <testcase name="rechargeNumberTotal" time="6.970" classname="Admin.ModeComplexStatisticsCashTestCase"/>
  <testcase name="newRechargeMoney" time="5.971" classname="Admin.ModeComplexStatisticsCashTestCase"/>
  <testcase name="loginNumber" time="5.535" classname="Admin.ModeComplexStatisticsCashTestCase"/>
  <testcase name="registeredNumber" time="5.917" classname="Admin.ModeComplexStatisticsCashTestCase"/>
  <testcase name="rechargeTotalToday" time="6.958" classname="Admin.ModeComplexStatisticsCashTestCase"/>
</testsuite> <!-- Admin.ModeComplexStatisticsCashTestCase -->
