<?xml version="1.0" encoding="UTF-8"?>
<!-- Generated by org.testng.reporters.JUnitReportReporter -->
<testsuite hostname="DESKTOP-NDF1E9V" name="GameTestCase.HomeUnlimitedGoldTest" tests="2" failures="0" timestamp="14 Feb 2019 08:11:15 GMT" time="25.361" errors="0">
  <testcase name="SinceBusinessOperationsTotalArrears" time="14.372" classname="GameTestCase.HomeUnlimitedGoldTest"/>
  <testcase name="ServiceFeeIncome" time="10.989" classname="GameTestCase.HomeUnlimitedGoldTest"/>
</testsuite> <!-- GameTestCase.HomeUnlimitedGoldTest -->
