<?xml version="1.0" encoding="UTF-8"?>
<!-- Generated by org.testng.reporters.JUnitReportReporter -->
<testsuite hostname="DESKTOP-NDF1E9V" name="CashAgent.PlayerAccountAdminTestCase" tests="4" failures="0" timestamp="13 Apr 2019 03:36:28 GMT" time="14.453" errors="0">
  <testcase name="rechargeTotal" time="7.543" classname="CashAgent.PlayerAccountAdminTestCase"/>
  <testcase name="playerGameRecord" time="2.447" classname="CashAgent.PlayerAccountAdminTestCase"/>
  <testcase name="additionalUpPoints" time="2.228" classname="CashAgent.PlayerAccountAdminTestCase"/>
  <testcase name="withdrawTotal" time="2.235" classname="CashAgent.PlayerAccountAdminTestCase"/>
</testsuite> <!-- CashAgent.PlayerAccountAdminTestCase -->
