<?xml version="1.0" encoding="UTF-8"?>
<!-- Generated by org.testng.reporters.JUnitReportReporter -->
<testsuite hostname="DESKTOP-NDF1E9V" name="CashAgent.PlayerAccountAdminTestCase" tests="3" failures="0" timestamp="30 Apr 2019 07:46:43 GMT" time="12.012" errors="0">
  <testcase name="additionalUpPoints" time="2.238" classname="CashAgent.PlayerAccountAdminTestCase"/>
  <testcase name="withdrawTotal" time="2.231" classname="CashAgent.PlayerAccountAdminTestCase"/>
  <testcase name="rechargeTotal" time="7.543" classname="CashAgent.PlayerAccountAdminTestCase"/>
</testsuite> <!-- CashAgent.PlayerAccountAdminTestCase -->
