<?xml version="1.0" encoding="UTF-8"?>
<!-- Generated by org.testng.reporters.JUnitReportReporter -->
<testsuite hostname="DESKTOP-NDF1E9V" name="GameTestCase.HomeCashPromotionTest" tests="2" failures="0" timestamp="12 Feb 2019 10:02:54 GMT" time="20.569" errors="0">
  <testcase name="TodaySystemWinOrLose" time="11.120" classname="GameTestCase.HomeCashPromotionTest"/>
  <testcase name="TodayGenerateCommission" time="9.449" classname="GameTestCase.HomeCashPromotionTest"/>
</testsuite> <!-- GameTestCase.HomeCashPromotionTest -->
