<?xml version="1.0" encoding="UTF-8"?>
<!-- Generated by org.testng.reporters.JUnitReportReporter -->
<testsuite hostname="DESKTOP-NDF1E9V" name="CreditExplorer.CreditModelAgentTestCase" tests="5" failures="0" timestamp="30 Apr 2019 07:46:43 GMT" time="17.433" errors="0">
  <testcase name="serviceTotalAsc" time="2.199" classname="CreditExplorer.CreditModelAgentTestCase"/>
  <testcase name="EnableOrDisable" time="4.383" classname="CreditExplorer.CreditModelAgentTestCase"/>
  <testcase name="accountBalanceDesc" time="2.223" classname="CreditExplorer.CreditModelAgentTestCase"/>
  <testcase name="setAccountBalanceAsc" time="2.188" classname="CreditExplorer.CreditModelAgentTestCase"/>
  <testcase name="serviceTotalDesc" time="6.440" classname="CreditExplorer.CreditModelAgentTestCase"/>
</testsuite> <!-- CreditExplorer.CreditModelAgentTestCase -->
