<?xml version="1.0" encoding="UTF-8"?>
<!-- Generated by org.testng.reporters.JUnitReportReporter -->
<testsuite hostname="DESKTOP-NDF1E9V" name="CreditBusiness.MyServiceAccountChangeTestCase" tests="2" failures="0" timestamp="30 Apr 2019 07:46:43 GMT" time="2.429" errors="0">
  <testcase name="changeMoney" time="0.037" classname="CreditBusiness.MyServiceAccountChangeTestCase"/>
  <testcase name="myServiceAccountChangeMoney" time="2.392" classname="CreditBusiness.MyServiceAccountChangeTestCase"/>
</testsuite> <!-- CreditBusiness.MyServiceAccountChangeTestCase -->
