<?xml version="1.0" encoding="UTF-8"?>
<!-- Generated by org.testng.reporters.JUnitReportReporter -->
<testsuite hostname="DESKTOP-NDF1E9V" name="Test.playergamerecord" tests="1" failures="0" timestamp="31 Oct 2018 08:24:18 GMT" time="16.530" errors="0">
  <testcase name="test" time="16.530" classname="Test.playergamerecord"/>
</testsuite> <!-- Test.playergamerecord -->
