<?xml version="1.0" encoding="UTF-8"?>
<!-- Generated by org.testng.reporters.JUnitReportReporter -->
<testsuite hostname="DESKTOP-NDF1E9V" name="Test.playeraccountmanagement" tests="1" failures="0" timestamp="31 Oct 2018 08:24:19 GMT" time="13.222" errors="0">
  <testcase name="test" time="13.222" classname="Test.playeraccountmanagement"/>
</testsuite> <!-- Test.playeraccountmanagement -->
