<?xml version="1.0" encoding="UTF-8"?>
<!-- Generated by org.testng.reporters.JUnitReportReporter -->
<testsuite hostname="DESKTOP-NDF1E9V" name="CashAgent.ChangeRecordCreditTestCase" tests="3" failures="0" timestamp="18 Apr 2019 08:32:51 GMT" time="6.648" errors="0">
  <testcase name="rechargeAgentCredit" time="2.180" classname="CashAgent.ChangeRecordCreditTestCase"/>
  <testcase name="cashAgentCredit" time="2.308" classname="CashAgent.ChangeRecordCreditTestCase"/>
  <testcase name="rechargeAgentAdminCredit" time="2.160" classname="CashAgent.ChangeRecordCreditTestCase"/>
</testsuite> <!-- CashAgent.ChangeRecordCreditTestCase -->
