<?xml version="1.0" encoding="UTF-8"?>
<!-- Generated by org.testng.reporters.JUnitReportReporter -->
<testsuite hostname="DESKTOP-NDF1E9V" name="AgentManagement.CashAgentDetail" tests="8" failures="0" timestamp="11 Mar 2019 09:12:07 GMT" time="257.238" errors="0">
  <testcase name="rechargeBalance" time="34.679" classname="AgentManagement.CashAgentDetail"/>
  <testcase name="promotionCommissionTotal" time="34.438" classname="AgentManagement.CashAgentDetail"/>
  <testcase name="DirectPushPlayerNumber" time="24.985" classname="AgentManagement.CashAgentDetail"/>
  <testcase name="taxTotal" time="33.348" classname="AgentManagement.CashAgentDetail"/>
  <testcase name="commissionAccountBalance" time="35.047" classname="AgentManagement.CashAgentDetail"/>
  <testcase name="immediateLowerAgentNumber" time="26.982" classname="AgentManagement.CashAgentDetail"/>
  <testcase name="addWithdrawalMoney" time="35.218" classname="AgentManagement.CashAgentDetail"/>
  <testcase name="acceptRedEnvelopeTotal" time="32.541" classname="AgentManagement.CashAgentDetail"/>
</testsuite> <!-- AgentManagement.CashAgentDetail -->
