<?xml version="1.0" encoding="UTF-8"?>
<!-- Generated by org.testng.reporters.JUnitReportReporter -->
<testsuite hostname="DESKTOP-NDF1E9V" name="CashAgent.AgentHomeTestCase" tests="4" failures="0" timestamp="13 Apr 2019 03:36:28 GMT" time="23.175" errors="0">
  <testcase name="incomeTotalMonth" time="7.463" classname="CashAgent.AgentHomeTestCase"/>
  <testcase name="playerNumberTotal" time="8.365" classname="CashAgent.AgentHomeTestCase"/>
  <testcase name="incomeToday" time="2.076" classname="CashAgent.AgentHomeTestCase"/>
  <testcase name="waitSettlementCommission" time="5.271" classname="CashAgent.AgentHomeTestCase"/>
</testsuite> <!-- CashAgent.AgentHomeTestCase -->
