<?xml version="1.0" encoding="UTF-8"?>
<!-- Generated by org.testng.reporters.JUnitReportReporter -->
<testsuite hostname="DESKTOP-NDF1E9V" name="adminTestCase.cashBusinessDetailTestCase" tests="7" failures="0" timestamp="28 Mar 2019 12:25:46 GMT" time="150.389" errors="0">
  <testcase name="rechargeBalance" time="22.008" classname="adminTestCase.cashBusinessDetailTestCase"/>
  <testcase name="immediateLowerAgentNumber" time="20.819" classname="adminTestCase.cashBusinessDetailTestCase"/>
  <testcase name="alreadySettlementMoney" time="20.251" classname="adminTestCase.cashBusinessDetailTestCase"/>
  <testcase name="onlineWithdrawCredit" time="16.565" classname="adminTestCase.cashBusinessDetailTestCase"/>
  <testcase name="waitWithdrawMoney" time="22.159" classname="adminTestCase.cashBusinessDetailTestCase"/>
  <testcase name="taxTotal" time="25.983" classname="adminTestCase.cashBusinessDetailTestCase"/>
  <testcase name="onlineRechargeCredit" time="22.604" classname="adminTestCase.cashBusinessDetailTestCase"/>
</testsuite> <!-- adminTestCase.cashBusinessDetailTestCase -->
