<?xml version="1.0" encoding="UTF-8"?>
<!-- Generated by org.testng.reporters.JUnitReportReporter -->
<testsuite hostname="DESKTOP-NDF1E9V" name="adminTestCase.adminHomeTestCase" tests="9" failures="0" timestamp="28 Mar 2019 12:25:46 GMT" time="125.281" errors="0">
  <testcase name="todayCommission" time="14.258" classname="adminTestCase.adminHomeTestCase"/>
  <testcase name="rechargeMoneyToday" time="14.447" classname="adminTestCase.adminHomeTestCase"/>
  <testcase name="serviceIncomeToday" time="15.859" classname="adminTestCase.adminHomeTestCase"/>
  <testcase name="playerNumber" time="13.719" classname="adminTestCase.adminHomeTestCase"/>
  <testcase name="totalCommission" time="11.960" classname="adminTestCase.adminHomeTestCase"/>
  <testcase name="withdrawMoneyToday" time="14.301" classname="adminTestCase.adminHomeTestCase"/>
  <testcase name="sinceBusinessOperationsTotalArrears" time="14.260" classname="adminTestCase.adminHomeTestCase"/>
  <testcase name="systemWinOrLose" time="14.285" classname="adminTestCase.adminHomeTestCase"/>
  <testcase name="businessMoneyTotal" time="12.192" classname="adminTestCase.adminHomeTestCase"/>
</testsuite> <!-- adminTestCase.adminHomeTestCase -->
