<?xml version="1.0" encoding="UTF-8"?>
<!-- Generated by org.testng.reporters.JUnitReportReporter -->
<testsuite hostname="DESKTOP-NDF1E9V" name="GameTestCase.HomeCashPromotionTest" tests="2" failures="0" timestamp="14 Feb 2019 08:11:15 GMT" time="20.431" errors="0">
  <testcase name="TodayGenerateCommission" time="8.894" classname="GameTestCase.HomeCashPromotionTest"/>
  <testcase name="TodaySystemWinOrLose" time="11.537" classname="GameTestCase.HomeCashPromotionTest"/>
</testsuite> <!-- GameTestCase.HomeCashPromotionTest -->
