<?xml version="1.0" encoding="UTF-8"?>
<!-- Generated by org.testng.reporters.JUnitReportReporter -->
<testsuite hostname="DESKTOP-NDF1E9V" name="CreditExplorer.GeneralStatisticsTestCase" tests="4" failures="0" timestamp="30 Apr 2019 07:46:43 GMT" time="18.831" errors="0">
  <testcase name="registeredNumber" time="4.373" classname="CreditExplorer.GeneralStatisticsTestCase"/>
  <testcase name="loginNumber" time="4.540" classname="CreditExplorer.GeneralStatisticsTestCase"/>
  <testcase name="serviceToday" time="5.488" classname="CreditExplorer.GeneralStatisticsTestCase"/>
  <testcase name="Bet" time="4.430" classname="CreditExplorer.GeneralStatisticsTestCase"/>
</testsuite> <!-- CreditExplorer.GeneralStatisticsTestCase -->
