<?xml version="1.0" encoding="UTF-8"?>
<!-- Generated by org.testng.reporters.JUnitReportReporter -->
<testsuite hostname="DESKTOP-NDF1E9V" name="CreditAgent.MyServiceAccountChangeTestCase" tests="2" failures="0" timestamp="30 Apr 2019 07:46:43 GMT" time="2.271" errors="0">
  <testcase name="myServiceAccountChangeMoney" time="2.232" classname="CreditAgent.MyServiceAccountChangeTestCase"/>
  <testcase name="changeMoney" time="0.039" classname="CreditAgent.MyServiceAccountChangeTestCase"/>
</testsuite> <!-- CreditAgent.MyServiceAccountChangeTestCase -->
